<?xml version="1.0" encoding="UTF-8"?>
<!--
   Copyright The Narayana Authors
   SPDX short identifier: Apache-2.0
  -->
<application>
    <display-name>compensations-ear</display-name>
    <module>
        <ejb>compensations-ejb.jar</ejb>
    </module>
</application>